2018-04-13 18:48:45 - PHP Warning:  DOMDocument::loadXML(): Start tag expected, '&lt;' not found in Entity, line: 2 in D:\OSPanel\domains\opencart.loc\admin\controller\marketplace\modification.php on line 143
2018-04-13 18:48:45 - PHP Notice:  Trying to get property of non-object in D:\OSPanel\domains\opencart.loc\admin\controller\marketplace\modification.php on line 146
2018-04-13 18:48:47 - PHP Warning:  DOMDocument::loadXML(): Start tag expected, '&lt;' not found in Entity, line: 2 in D:\OSPanel\domains\opencart.loc\admin\controller\marketplace\modification.php on line 143
2018-04-13 18:48:47 - PHP Notice:  Trying to get property of non-object in D:\OSPanel\domains\opencart.loc\admin\controller\marketplace\modification.php on line 146
2018-04-13 18:48:48 - PHP Warning:  DOMDocument::loadXML(): Start tag expected, '&lt;' not found in Entity, line: 2 in D:\OSPanel\domains\opencart.loc\admin\controller\marketplace\modification.php on line 143
2018-04-13 18:48:48 - PHP Notice:  Trying to get property of non-object in D:\OSPanel\domains\opencart.loc\admin\controller\marketplace\modification.php on line 146
2018-04-14 6:57:32 - PHP Warning:  rmdir(D:/OSPanel/domains/opencart.loc/system/storage/cache/a5): Directory not empty in D:\OSPanel\domains\opencart.loc\admin\controller\common\developer.php on line 70
2018-04-14 7:53:00 - PHP Warning:  rmdir(D:/OSPanel/domains/opencart.loc/system/storage/cache/a5): Directory not empty in D:\OSPanel\domains\opencart.loc\admin\controller\common\developer.php on line 70
2018-04-14 12:07:18 - PHP Warning:  : Permission denied in D:\OSPanel\domains\opencart.loc\admin\controller\common\filemanager.php on line 403
2018-04-14 12:07:18 - PHP Warning:  rmdir(D:/OSPanel/domains/opencart.loc/image/catalog/products): Directory not empty in D:\OSPanel\domains\opencart.loc\admin\controller\common\filemanager.php on line 403
2018-04-14 15:40:26 - PHP Warning:  rmdir(D:/OSPanel/domains/opencart.loc/system/storage/cache/a5): Directory not empty in D:\OSPanel\domains\opencart.loc\admin\controller\common\developer.php on line 70
2018-04-14 17:32:02 - PHP Warning:  rmdir(D:/OSPanel/domains/opencart.loc/system/storage/cache/a5): Directory not empty in D:\OSPanel\domains\opencart.loc\admin\controller\common\developer.php on line 70
2018-04-15 5:14:56 - PHP Warning:  rmdir(D:/OSPanel/domains/opencart.loc/system/storage/cache/a5): Directory not empty in D:\OSPanel\domains\opencart.loc\admin\controller\common\developer.php on line 70
2018-04-15 5:53:11 - PHP Warning:  rmdir(D:/OSPanel/domains/opencart.loc/system/storage/cache/a5): Directory not empty in D:\OSPanel\domains\opencart.loc\admin\controller\common\developer.php on line 70
2018-04-15 6:02:43 - PHP Warning:  rmdir(D:/OSPanel/domains/opencart.loc/system/storage/cache/a5): Directory not empty in D:\OSPanel\domains\opencart.loc\admin\controller\common\developer.php on line 70
2018-04-15 6:17:31 - PHP Warning:  rmdir(D:/OSPanel/domains/opencart.loc/system/storage/cache/a5): Directory not empty in D:\OSPanel\domains\opencart.loc\admin\controller\common\developer.php on line 70
2018-04-15 8:57:17 - PHP Warning:  rmdir(D:/OSPanel/domains/opencart.loc/system/storage/cache/a5): Directory not empty in D:\OSPanel\domains\opencart.loc\admin\controller\common\developer.php on line 70
2018-04-15 9:00:16 - PHP Warning:  rmdir(D:/OSPanel/domains/opencart.loc/system/storage/cache/a5): Directory not empty in D:\OSPanel\domains\opencart.loc\admin\controller\common\developer.php on line 70
2018-04-22 9:02:56 - PHP Warning:  unlink(D:/OSPanel/domains/opencart.loc/system/storage/cache/cache.currency.1524391376): Permission denied in D:\OSPanel\domains\opencart.loc\system\library\cache\file.php on line 68
2018-04-22 15:33:54 - PHP Warning:  unlink(D:/OSPanel/domains/opencart.loc/system/storage/cache/cache.catalog.language.1524414834): Permission denied in D:\OSPanel\domains\opencart.loc\system\library\cache\file.php on line 68
2018-04-22 15:46:47 - PHP Warning:  unlink(D:/OSPanel/domains/opencart.loc/system/storage/cache/cache.catalog.language.1524415607): Permission denied in D:\OSPanel\domains\opencart.loc\system\library\cache\file.php on line 68
